app/build/intermediates/manifest_merge_blame_file/debug/manifest-merger-blame-debug-report.txt
1<?xml version="1.0" encoding="utf-8"?>
2<manifest xmlns:android="http://schemas.android.com/apk/res/android"
3    package="com.tencent.yolov8ncnn"
4    android:versionCode="1"
5    android:versionName="1.1" >
6
7    <uses-sdk
8        android:minSdkVersion="24"
8-->src\main\AndroidManifest.xml
9        android:targetSdkVersion="24" />
9-->src\main\AndroidManifest.xml
10
11    <uses-permission android:name="android.permission.CAMERA" />
11-->src\main\AndroidManifest.xml:6:5-65
11-->src\main\AndroidManifest.xml:6:22-62
12
13    <uses-feature android:name="android.hardware.camera2.full" />
13-->src\main\AndroidManifest.xml:7:5-66
13-->src\main\AndroidManifest.xml:7:19-63
14    <uses-feature
14-->src\main\AndroidManifest.xml:8:5-10:36
15        android:name="android.hardware.camera"
15-->src\main\AndroidManifest.xml:9:9-47
16        android:required="false" />
16-->src\main\AndroidManifest.xml:10:9-33
17
18    <application
18-->src\main\AndroidManifest.xml:12:5-21:19
19        android:debuggable="true"
20        android:extractNativeLibs="false"
21        android:label="@string/app_name"
21-->src\main\AndroidManifest.xml:12:18-50
22        android:testOnly="true" >
23        <activity
23-->src\main\AndroidManifest.xml:13:9-20:20
24            android:name="com.tencent.yolov8ncnn.MainActivity"
24-->src\main\AndroidManifest.xml:13:19-46
25            android:label="@string/app_name"
25-->src\main\AndroidManifest.xml:14:19-51
26            android:screenOrientation="portrait" >
26-->src\main\AndroidManifest.xml:15:19-55
27            <intent-filter>
27-->src\main\AndroidManifest.xml:16:13-19:29
28                <action android:name="android.intent.action.MAIN" />
28-->src\main\AndroidManifest.xml:17:17-69
28-->src\main\AndroidManifest.xml:17:25-66
29
30                <category android:name="android.intent.category.LAUNCHER" />
30-->src\main\AndroidManifest.xml:18:17-77
30-->src\main\AndroidManifest.xml:18:27-74
31            </intent-filter>
32        </activity>
33    </application>
34
35</manifest>